<?xml version="1.0" encoding="UTF-8"?>
<testng-results ignored="0" total="1" passed="1" failed="0" skipped="0">
  <reporter-output>
  </reporter-output>
  <suite started-at="2025-12-14T11:46:58 IST" name="Surefire suite" finished-at="2025-12-14T11:47:03 IST" duration-ms="4972">
    <groups>
    </groups>
    <test started-at="2025-12-14T11:46:58 IST" name="Surefire test" finished-at="2025-12-14T11:47:03 IST" duration-ms="4972">
      <class name="number_of_chechbox.p10">
        <test-method is-config="true" signature="setUp()[pri:0, instance:number_of_chechbox.p10@6295d394]" started-at="2025-12-14T11:46:58 IST" name="setUp" finished-at="2025-12-14T11:46:59 IST" duration-ms="727" status="PASS">
          <reporter-output>
          </reporter-output>
        </test-method> <!-- setUp -->
        <test-method signature="testCheckBoxesCount()[pri:0, instance:number_of_chechbox.p10@6295d394]" started-at="2025-12-14T11:46:59 IST" name="testCheckBoxesCount" finished-at="2025-12-14T11:47:03 IST" duration-ms="4161" status="PASS">
          <reporter-output>
          </reporter-output>
        </test-method> <!-- testCheckBoxesCount -->
        <test-method is-config="true" signature="tearDown()[pri:0, instance:number_of_chechbox.p10@6295d394]" started-at="2025-12-14T11:47:03 IST" name="tearDown" finished-at="2025-12-14T11:47:03 IST" duration-ms="70" status="PASS">
          <reporter-output>
          </reporter-output>
        </test-method> <!-- tearDown -->
      </class> <!-- number_of_chechbox.p10 -->
    </test> <!-- Surefire test -->
  </suite> <!-- Surefire suite -->
</testng-results>
