<?xml version="1.0" encoding="UTF-8"?>
<testng-results ignored="0" total="1" passed="1" failed="0" skipped="0">
  <reporter-output>
  </reporter-output>
  <suite started-at="2025-12-14T11:42:47 IST" name="Cross Browser Testing Suite" finished-at="2025-12-14T11:42:50 IST" duration-ms="3092">
    <groups>
    </groups>
    <test started-at="2025-12-14T11:42:47 IST" name="Chrome Test" finished-at="2025-12-14T11:42:50 IST" duration-ms="3092">
      <class name="com.crossbrowser.program9.MyTest">
        <test-method is-config="true" signature="setup(java.lang.String)[pri:0, instance:com.crossbrowser.program9.MyTest@769e7ee8]" started-at="2025-12-14T11:42:47 IST" name="setup" finished-at="2025-12-14T11:42:48 IST" duration-ms="750" status="PASS">
          <params>
            <param index="0">
              <value>
                <![CDATA[chrome]]>
              </value>
            </param>
          </params>
          <reporter-output>
          </reporter-output>
        </test-method> <!-- setup -->
        <test-method signature="testGoogleSearch()[pri:0, instance:com.crossbrowser.program9.MyTest@769e7ee8]" started-at="2025-12-14T11:42:48 IST" name="testGoogleSearch" finished-at="2025-12-14T11:42:50 IST" duration-ms="2253" status="PASS">
          <reporter-output>
          </reporter-output>
        </test-method> <!-- testGoogleSearch -->
        <test-method is-config="true" signature="tearDown()[pri:0, instance:com.crossbrowser.program9.MyTest@769e7ee8]" started-at="2025-12-14T11:42:50 IST" name="tearDown" finished-at="2025-12-14T11:42:50 IST" duration-ms="71" status="PASS">
          <reporter-output>
          </reporter-output>
        </test-method> <!-- tearDown -->
      </class> <!-- com.crossbrowser.program9.MyTest -->
    </test> <!-- Chrome Test -->
  </suite> <!-- Cross Browser Testing Suite -->
</testng-results>
