<?xml version="1.0" encoding="UTF-8"?>
<testng-results ignored="0" total="1" passed="1" failed="0" skipped="0">
  <reporter-output>
  </reporter-output>
  <suite started-at="2025-12-14T11:54:38 IST" name="Surefire suite" finished-at="2025-12-14T11:54:38 IST" duration-ms="130">
    <groups>
    </groups>
    <test started-at="2025-12-14T11:54:38 IST" name="Surefire test" finished-at="2025-12-14T11:54:38 IST" duration-ms="130">
      <class name="ExcelTest">
        <test-method is-config="true" signature="setUp()[pri:0, instance:ExcelTest@5ea434c8]" started-at="2025-12-14T11:54:38 IST" name="setUp" finished-at="2025-12-14T11:54:38 IST" duration-ms="62" status="PASS">
          <reporter-output>
          </reporter-output>
        </test-method> <!-- setUp -->
        <test-method signature="testImportExport()[pri:0, instance:ExcelTest@5ea434c8]" started-at="2025-12-14T11:54:38 IST" name="testImportExport" finished-at="2025-12-14T11:54:38 IST" duration-ms="50" status="PASS">
          <reporter-output>
          </reporter-output>
        </test-method> <!-- testImportExport -->
      </class> <!-- ExcelTest -->
    </test> <!-- Surefire test -->
  </suite> <!-- Surefire suite -->
</testng-results>
